<?xml version="1.0" encoding="UTF-8"?>
<!-- Generated by org.testng.reporters.JUnitXMLReporter -->
<testsuite ignored="0" hostname="Ajay" failures="0" tests="7" name="Test" time="149.115" errors="0" timestamp="2024-07-29T12:15:46 IST">
  <testcase classname="ToolsQA.qa.Testcases.HomeTest" name="verifyElementsBoxIsClikable" time="3.281"/>
  <testcase classname="ToolsQA.qa.Testcases.HomeTest" name="verifyformsBoxIsClickable" time="0.147"/>
  <testcase classname="ToolsQA.qa.Testcases.ElementsTabTest" name="verifyElementsTabIsExpandingAndCollapsing" time="3.57"/>
  <testcase classname="ToolsQA.qa.Testcases.ElementsTabTest" name="verifyTextBoxItemIsClickable" time="3.32"/>
  <testcase classname="ToolsQA.qa.Testcases.ElementsTabTest" name="verifyToEnterValueInTextbox" time="4.278"/>
  <testcase classname="ToolsQA.qa.Testcases.FormsTabTest" name="verifyFormsBoxIsClickable" time="0.341"/>
  <testcase classname="ToolsQA.qa.Testcases.FormsTabTest" name="verifyToRegisterStudent" time="2.627"/>
</testsuite> <!-- Test -->
