<?xml version="1.0" encoding="UTF-8"?>
<testng-results ignored="0" total="1" passed="1" failed="0" skipped="0">
  <reporter-output>
  </reporter-output>
  <suite started-at="2024-08-14T18:24:30 IST" name="Default suite" finished-at="2024-08-14T18:24:44 IST" duration-ms="14016">
    <groups>
    </groups>
    <test started-at="2024-08-14T18:24:30 IST" name="Default test" finished-at="2024-08-14T18:24:44 IST" duration-ms="14016">
      <class name="ToolsQA.qa.Testcases.InteractionsTest">
        <test-method is-config="true" signature="setUp()[pri:0, instance:ToolsQA.qa.Testcases.InteractionsTest@6babf3bf]" started-at="2024-08-14T18:24:30 IST" name="setUp" finished-at="2024-08-14T18:24:42 IST" duration-ms="12213" status="PASS">
          <reporter-output>
          </reporter-output>
        </test-method> <!-- setUp -->
        <test-method signature="verifyToClickOnPreventPropagation()[pri:1, instance:ToolsQA.qa.Testcases.InteractionsTest@6babf3bf]" started-at="2024-08-14T18:24:42 IST" name="verifyToClickOnPreventPropagation" finished-at="2024-08-14T18:24:44 IST" duration-ms="1743" status="PASS">
          <reporter-output>
          </reporter-output>
        </test-method> <!-- verifyToClickOnPreventPropagation -->
      </class> <!-- ToolsQA.qa.Testcases.InteractionsTest -->
    </test> <!-- Default test -->
  </suite> <!-- Default suite -->
</testng-results>
